<?xml version="1.0" encoding="UTF-8"?>
<testng-results skipped="0" failed="0" ignored="0" total="1" passed="1">
  <reporter-output>
  </reporter-output>
  <suite name="Default suite" duration-ms="14123" started-at="2020-10-22T01:42:42Z" finished-at="2020-10-22T01:42:56Z">
    <groups>
    </groups>
    <test name="Default test" duration-ms="14123" started-at="2020-10-22T01:42:42Z" finished-at="2020-10-22T01:42:56Z">
      <class name="Data_XL.SignUP">
        <test-method status="PASS" signature="initialStep()[pri:0, instance:Data_XL.SignUP@55a1c291]" name="initialStep" is-config="true" duration-ms="7898" started-at="2020-10-22T01:42:42Z" finished-at="2020-10-22T01:42:50Z">
          <reporter-output>
          </reporter-output>
        </test-method> <!-- initialStep -->
        <test-method status="PASS" signature="xlTest()[pri:0, instance:Data_XL.SignUP@55a1c291]" name="xlTest" duration-ms="6163" started-at="2020-10-22T01:42:50Z" finished-at="2020-10-22T01:42:56Z">
          <reporter-output>
          </reporter-output>
        </test-method> <!-- xlTest -->
      </class> <!-- Data_XL.SignUP -->
    </test> <!-- Default test -->
  </suite> <!-- Default suite -->
</testng-results>
